<?xml version="1.0" encoding="UTF-8"?><testsuite name="nosetests" tests="217" errors="1" failures="0" skip="1"><testcase classname="fts3rest.tests.functional.test_archive.TestArchive" name="test_get_archive_index" time="0.279" /><testcase classname="fts3rest.tests.functional.test_archive.TestArchive" name="test_get_field_from_archive" time="0.190" /><testcase classname="fts3rest.tests.functional.test_archive.TestArchive" name="test_get_from_archive" time="0.110" /><testcase classname="fts3rest.tests.functional.test_archive.TestArchive" name="test_get_job_forbidden" time="0.091" /><testcase classname="fts3rest.tests.functional.test_archive.TestArchive" name="test_get_missing_field" time="0.107" /><testcase classname="fts3rest.tests.functional.test_archive.TestArchive" name="test_missing_job" time="0.084" /><testcase classname="fts3rest.tests.functional.test_banning.TestBanning" name="test_ban_dn" time="0.388" /><testcase classname="fts3rest.tests.functional.test_banning.TestBanning" name="test_ban_dn_cancel" time="0.639" /><testcase classname="fts3rest.tests.functional.test_banning.TestBanning" name="test_ban_dn_empty" time="0.126" /><testcase classname="fts3rest.tests.functional.test_banning.TestBanning" name="test_ban_dn_submission" time="0.247" /><testcase classname="fts3rest.tests.functional.test_banning.TestBanning" name="test_ban_se" time="0.282" /><testcase classname="fts3rest.tests.functional.test_banning.TestBanning" name="test_ban_se_bad_status" time="0.192" /><testcase classname="fts3rest.tests.functional.test_banning.TestBanning" name="test_ban_se_bad_timeout" time="0.091" /><testcase classname="fts3rest.tests.functional.test_banning.TestBanning" name="test_ban_se_cancel" time="0.517" /><testcase classname="fts3rest.tests.functional.test_banning.TestBanning" name="test_ban_se_cancel_and_submit" time="0.158" /><testcase classname="fts3rest.tests.functional.test_banning.TestBanning" name="test_ban_se_cancel_vo" time="0.608" /><testcase classname="fts3rest.tests.functional.test_banning.TestBanning" name="test_ban_se_empty" time="0.085" /><testcase classname="fts3rest.tests.functional.test_banning.TestBanning" name="test_ban_se_no_submit" time="0.257" /><testcase classname="fts3rest.tests.functional.test_banning.TestBanning" name="test_ban_se_partial_job" time="0.333" /><testcase classname="fts3rest.tests.functional.test_banning.TestBanning" name="test_ban_se_vo" time="0.215" /><testcase classname="fts3rest.tests.functional.test_banning.TestBanning" name="test_ban_se_wait" time="0.441" /><testcase classname="fts3rest.tests.functional.test_banning.TestBanning" name="test_ban_se_wait_vo" time="0.594" /><testcase classname="fts3rest.tests.functional.test_banning.TestBanning" name="test_ban_se_with_submission" time="0.406" /><testcase classname="fts3rest.tests.functional.test_banning.TestBanning" name="test_ban_self" time="0.110" /><testcase classname="fts3rest.tests.functional.test_banning.TestBanning" name="test_list_banned_dns" time="0.215" /><testcase classname="fts3rest.tests.functional.test_banning.TestBanning" name="test_list_banned_ses" time="0.686" /><testcase classname="fts3rest.tests.functional.test_banning.TestBanning" name="test_unban_dn_empty" time="0.080" /><testcase classname="fts3rest.tests.functional.test_banning.TestBanning" name="test_unban_se_empty" time="0.084" /><testcase classname="fts3rest.tests.functional.test_config_authz_dn.TestConfigAuthz" name="test_add_authz" time="0.237" /><testcase classname="fts3rest.tests.functional.test_config_authz_dn.TestConfigAuthz" name="test_list_authz" time="0.259" /><testcase classname="fts3rest.tests.functional.test_config_authz_dn.TestConfigAuthz" name="test_remove_authz" time="0.298" /><testcase classname="fts3rest.tests.functional.test_config_global.TestConfigGlobal" name="test_reset" time="0.374" /><testcase classname="fts3rest.tests.functional.test_config_global.TestConfigGlobal" name="test_reset_and_add" time="1.792" /><testcase classname="fts3rest.tests.functional.test_config_global.TestConfigGlobal" name="test_set" time="0.317" /><testcase classname="fts3rest.tests.functional.test_config_global.TestConfigGlobal" name="test_set_invalid_value" time="0.140" /><testcase classname="fts3rest.tests.functional.test_config_global.TestConfigGlobal" name="test_set_optimizer_mode" time="0.201" /><testcase classname="fts3rest.tests.functional.test_config_groups.TestConfigGroup" name="test_add_member" time="0.399" /><testcase classname="fts3rest.tests.functional.test_config_groups.TestConfigGroup" name="test_add_two_members" time="0.565" /><testcase classname="fts3rest.tests.functional.test_config_groups.TestConfigGroup" name="test_add_two_remove_one" time="0.325" /><testcase classname="fts3rest.tests.functional.test_config_groups.TestConfigGroup" name="test_list_groups" time="0.258" /><testcase classname="fts3rest.tests.functional.test_config_groups.TestConfigGroup" name="test_list_members" time="0.275" /><testcase classname="fts3rest.tests.functional.test_config_groups.TestConfigGroup" name="test_list_non_existing" time="0.208" /><testcase classname="fts3rest.tests.functional.test_config_groups.TestConfigGroup" name="test_remove_full_group" time="0.350" /><testcase classname="fts3rest.tests.functional.test_config_groups.TestConfigGroup" name="test_remove_member" time="0.241" /><testcase classname="fts3rest.tests.functional.test_config_links.TestConfigLinks" name="test_config_link_se" time="0.267" /><testcase classname="fts3rest.tests.functional.test_config_links.TestConfigLinks" name="test_delete_link" time="0.314" /><testcase classname="fts3rest.tests.functional.test_config_links.TestConfigLinks" name="test_get_fixed_active" time="0.225" /><testcase classname="fts3rest.tests.functional.test_config_links.TestConfigLinks" name="test_get_link" time="0.650" /><testcase classname="fts3rest.tests.functional.test_config_links.TestConfigLinks" name="test_get_link_list" time="0.374" /><testcase classname="fts3rest.tests.functional.test_config_links.TestConfigLinks" name="test_reconfig_link_se" time="0.416" /><testcase classname="fts3rest.tests.functional.test_config_links.TestConfigLinks" name="test_set_fixed_active" time="0.253" /><testcase classname="fts3rest.tests.functional.test_config_links.TestConfigLinks" name="test_unset_fixed_active" time="0.333" /><testcase classname="fts3rest.tests.functional.test_config_se.TestConfigSe" name="test_get_se_config" time="0.488" /><testcase classname="fts3rest.tests.functional.test_config_se.TestConfigSe" name="test_reset_se_config" time="0.416" /><testcase classname="fts3rest.tests.functional.test_config_se.TestConfigSe" name="test_set_se_config" time="0.258" /><testcase classname="fts3rest.tests.functional.test_debug.TestDebug" name="test_debug_list" time="0.282" /><testcase classname="fts3rest.tests.functional.test_debug.TestDebug" name="test_set_debug_destination" time="0.324" /><testcase classname="fts3rest.tests.functional.test_debug.TestDebug" name="test_set_debug_source" time="0.300" /><testcase classname="fts3rest.tests.functional.test_debug.TestDebug" name="test_set_debug_source_and_dest" time="2.208" /><testcase classname="fts3rest.tests.functional.test_debug.TestDebug" name="test_set_new_level_destination" time="0.257" /><testcase classname="fts3rest.tests.functional.test_debug.TestDebug" name="test_set_new_level_source" time="0.242" /><testcase classname="fts3rest.tests.functional.test_debug.TestDebug" name="test_set_zero_destination" time="0.258" /><testcase classname="fts3rest.tests.functional.test_debug.TestDebug" name="test_set_zero_source" time="0.425" /><testcase classname="fts3rest.tests.functional.test_delegation.TestDelegation" name="test_delegate_rfc" time="0.312" /><testcase classname="fts3rest.tests.functional.test_delegation.TestDelegation" name="test_dn_mismatch" time="0.211" /><testcase classname="fts3rest.tests.functional.test_delegation.TestDelegation" name="test_get_request_different_dlg_id" time="0.076" /><testcase classname="fts3rest.tests.functional.test_delegation.TestDelegation" name="test_get_termination_time" time="0.341" /><testcase classname="fts3rest.tests.functional.test_delegation.TestDelegation" name="test_get_termination_time_not_existing" time="0.090" /><testcase classname="fts3rest.tests.functional.test_delegation.TestDelegation" name="test_put_cred_without_cache" time="0.200" /><testcase classname="fts3rest.tests.functional.test_delegation.TestDelegation" name="test_put_malformed_pem" time="0.183" /><testcase classname="fts3rest.tests.functional.test_delegation.TestDelegation" name="test_remove_delegation" time="0.325" /><testcase classname="fts3rest.tests.functional.test_delegation.TestDelegation" name="test_set_voms" time="0.951"><error type="webtest.app.AppError" message='Bad response: 424 Method Failure (not 203)&#10;-------------------- &gt;&gt; begin captured logging &lt;&lt; --------------------&#10;fts3rest.lib.middleware.fts3auth.fts3authmiddleware: DEBUG: No Origin header found&#10;fts3rest.lib.middleware.fts3auth.fts3authmiddleware: INFO: /DC=ch/DC=cern/CN=Test User logged in via certificate&#10;fts3rest.controllers.delegation: DEBUG: VOMS request received for 3df3433182cc378b: dteam:/dteam/Role=lcgadmin&#10;fts3rest.lib.helpers.voms: DEBUG: voms-proxy-init --cert /tmp/tmpLGAKeT.pem --key /tmp/tmpLGAKeT.pem --out /tmp/tmp8eOpr0.pem --noregen --ignorewarn --voms dteam:/dteam/Role=lcgadmin&#10;fts3rest.lib.helpers.voms: DEBUG: voms-proxy-info --file /tmp/tmp8eOpr0.pem --exists&#10;fts3rest: ERROR: [From ?] [424 Method Failure] "POST /delegation/3df3433182cc378b/voms" Failed to generate a proxy (1): Your identity: /DC=ch/DC=cern/OU=Organic Units/OU=Users/CN=saketag/CN=678984/CN=Alejandro Alvarez Ayllon/CN=proxy&#10;Contacting  voms2.hellasgrid.gr:15004 [/C=GR/O=HellasGrid/OU=hellasgrid.gr/CN=voms2.hellasgrid.gr] "dteam" Failed&#10;&#10;Error: Error during SSL handshake:Either proxy or user certificate are expired.&#10;&#10;Trying next server for dteam.&#10;Contacting  voms.hellasgrid.gr:15004 [/C=GR/O=HellasGrid/OU=hellasgrid.gr/CN=voms.hellasgrid.gr] "dteam" Failed&#10;&#10;Error: Error during SSL handshake:Either proxy or user certificate are expired.&#10;&#10;None of the contacted servers for dteam were capable&#10;of returning a valid AC for the user.&#10;&#10;fts3rest: DEBUG: Request params: UnicodeMultiDict([])&#10;fts3rest: DEBUG: Request content type: application/json&#10;fts3rest: DEBUG: Request body: &#10;fts3rest: DEBUG: ["dteam:/dteam/Role=lcgadmin"]&#10;--------------------- &gt;&gt; end captured logging &lt;&lt; ---------------------'><![CDATA[Traceback (most recent call last):
  File "/usr/lib64/python2.6/unittest.py", line 278, in run
    testMethod()
  File "/afs/cern.ch/user/a/aalvarez/Source/fts-rest/src/fts3rest/fts3rest/tests/functional/test_delegation.py", line 222, in test_set_voms
    status=203)
  File "/tmp/qa-env/lib/python2.6/site-packages/webtest/app.py", line 838, in post
    content_type=content_type)
  File "/tmp/qa-env/lib/python2.6/site-packages/webtest/app.py", line 810, in _gen_request
    expect_errors=expect_errors)
  File "/tmp/qa-env/lib/python2.6/site-packages/webtest/app.py", line 1121, in do_request
    self._check_status(status, res)
  File "/tmp/qa-env/lib/python2.6/site-packages/webtest/app.py", line 1160, in _check_status
    "Bad response: %s (not %s)", res_status, status)
AppError: Bad response: 424 Method Failure (not 203)
-------------------- >> begin captured logging << --------------------
fts3rest.lib.middleware.fts3auth.fts3authmiddleware: DEBUG: No Origin header found
fts3rest.lib.middleware.fts3auth.fts3authmiddleware: INFO: /DC=ch/DC=cern/CN=Test User logged in via certificate
fts3rest.controllers.delegation: DEBUG: VOMS request received for 3df3433182cc378b: dteam:/dteam/Role=lcgadmin
fts3rest.lib.helpers.voms: DEBUG: voms-proxy-init --cert /tmp/tmpLGAKeT.pem --key /tmp/tmpLGAKeT.pem --out /tmp/tmp8eOpr0.pem --noregen --ignorewarn --voms dteam:/dteam/Role=lcgadmin
fts3rest.lib.helpers.voms: DEBUG: voms-proxy-info --file /tmp/tmp8eOpr0.pem --exists
fts3rest: ERROR: [From ?] [424 Method Failure] "POST /delegation/3df3433182cc378b/voms" Failed to generate a proxy (1): Your identity: /DC=ch/DC=cern/OU=Organic Units/OU=Users/CN=saketag/CN=678984/CN=Alejandro Alvarez Ayllon/CN=proxy
Contacting  voms2.hellasgrid.gr:15004 [/C=GR/O=HellasGrid/OU=hellasgrid.gr/CN=voms2.hellasgrid.gr] "dteam" Failed

Error: Error during SSL handshake:Either proxy or user certificate are expired.

Trying next server for dteam.
Contacting  voms.hellasgrid.gr:15004 [/C=GR/O=HellasGrid/OU=hellasgrid.gr/CN=voms.hellasgrid.gr] "dteam" Failed

Error: Error during SSL handshake:Either proxy or user certificate are expired.

None of the contacted servers for dteam were capable
of returning a valid AC for the user.

fts3rest: DEBUG: Request params: UnicodeMultiDict([])
fts3rest: DEBUG: Request content type: application/json
fts3rest: DEBUG: Request body: 
fts3rest: DEBUG: ["dteam:/dteam/Role=lcgadmin"]
--------------------- >> end captured logging << ---------------------
]]></error></testcase><testcase classname="fts3rest.tests.functional.test_delegation.TestDelegation" name="test_signed_wrong_priv_key" time="0.201" /><testcase classname="fts3rest.tests.functional.test_delegation.TestDelegation" name="test_valid_proxy" time="0.581" /><testcase classname="fts3rest.tests.functional.test_delegation.TestDelegation" name="test_view_different_dlg_id" time="0.092" /><testcase classname="fts3rest.tests.functional.test_delegation.TestDelegation" name="test_wrong_request" time="0.342" /><testcase classname="fts3rest.tests.functional.test_dropbox.TestDropbox" name="test_access_granted" time="0.305" /><testcase classname="fts3rest.tests.functional.test_dropbox.TestDropbox" name="test_access_granted_no_request" time="0.082" /><testcase classname="fts3rest.tests.functional.test_dropbox.TestDropbox" name="test_delete_token" time="0.294" /><testcase classname="fts3rest.tests.functional.test_dropbox.TestDropbox" name="test_loaded" time="0.081" /><testcase classname="fts3rest.tests.functional.test_dropbox.TestDropbox" name="test_request_access" time="0.202" /><testcase classname="fts3rest.tests.functional.test_job_cancel.TestJobCancel" name="test_cancel" time="0.373" /><testcase classname="fts3rest.tests.functional.test_job_cancel.TestJobCancel" name="test_cancel_multiple" time="2.908" /><testcase classname="fts3rest.tests.functional.test_job_cancel.TestJobCancel" name="test_cancel_multiple_one" time="0.341" /><testcase classname="fts3rest.tests.functional.test_job_cancel.TestJobCancel" name="test_cancel_multiple_one_wrong" time="0.282" /><testcase classname="fts3rest.tests.functional.test_job_cancel.TestJobCancel" name="test_cancel_some_terminal" time="0.441" /><testcase classname="fts3rest.tests.functional.test_job_cancel.TestJobCancel" name="test_cancel_terminal" time="0.533" /><testcase classname="fts3rest.tests.functional.test_job_deletion.TestJobDeletion" name="test_cancel_delete" time="0.375" /><testcase classname="fts3rest.tests.functional.test_job_deletion.TestJobDeletion" name="test_delete_file" time="0.140" /><testcase classname="fts3rest.tests.functional.test_job_deletion.TestJobDeletion" name="test_delete_repeated" time="0.216" /><testcase classname="fts3rest.tests.functional.test_job_deletion.TestJobDeletion" name="test_simple_delete" time="0.275" /><testcase classname="fts3rest.tests.functional.test_job_invalid_submit.TestJobInvalidSubmits" name="test_deletion_bad_surl" time="0.149" /><testcase classname="fts3rest.tests.functional.test_job_invalid_submit.TestJobInvalidSubmits" name="test_empty_path" time="0.133" /><testcase classname="fts3rest.tests.functional.test_job_invalid_submit.TestJobInvalidSubmits" name="test_invalid_files" time="0.141" /><testcase classname="fts3rest.tests.functional.test_job_invalid_submit.TestJobInvalidSubmits" name="test_invalid_protocol_params" time="0.158" /><testcase classname="fts3rest.tests.functional.test_job_invalid_submit.TestJobInvalidSubmits" name="test_invalid_surl" time="0.134" /><testcase classname="fts3rest.tests.functional.test_job_invalid_submit.TestJobInvalidSubmits" name="test_multiple_replica_and_bring_online" time="0.149" /><testcase classname="fts3rest.tests.functional.test_job_invalid_submit.TestJobInvalidSubmits" name="test_no_file" time="0.134" /><testcase classname="fts3rest.tests.functional.test_job_invalid_submit.TestJobInvalidSubmits" name="test_no_protocol" time="0.340" /><testcase classname="fts3rest.tests.functional.test_job_invalid_submit.TestJobInvalidSubmits" name="test_one_single_slash" time="0.150" /><testcase classname="fts3rest.tests.functional.test_job_invalid_submit.TestJobInvalidSubmits" name="test_submit_almost_expired_credentials" time="0.150" /><testcase classname="fts3rest.tests.functional.test_job_invalid_submit.TestJobInvalidSubmits" name="test_submit_expired_credentials" time="0.175" /><testcase classname="fts3rest.tests.functional.test_job_invalid_submit.TestJobInvalidSubmits" name="test_submit_malformed" time="0.083" /><testcase classname="fts3rest.tests.functional.test_job_invalid_submit.TestJobInvalidSubmits" name="test_submit_missing_path" time="0.308" /><testcase classname="fts3rest.tests.functional.test_job_invalid_submit.TestJobInvalidSubmits" name="test_submit_missing_surl" time="0.175" /><testcase classname="fts3rest.tests.functional.test_job_invalid_submit.TestJobInvalidSubmits" name="test_submit_no_creds" time="0.075" /><testcase classname="fts3rest.tests.functional.test_job_invalid_submit.TestJobInvalidSubmits" name="test_submit_no_delegation" time="0.075" /><testcase classname="fts3rest.tests.functional.test_job_invalid_submit.TestJobInvalidSubmits" name="test_submit_no_files" time="0.172" /><testcase classname="fts3rest.tests.functional.test_job_invalid_submit.TestJobInvalidSubmits" name="test_submit_no_transfers" time="0.277" /><testcase classname="fts3rest.tests.functional.test_job_invalid_submit.TestJobInvalidSubmits" name="test_transfer_and_deletion" time="0.169" /><testcase classname="fts3rest.tests.functional.test_job_listing.TestJobListing" name="test_filter_by_time" time="0.321" /><testcase classname="fts3rest.tests.functional.test_job_listing.TestJobListing" name="test_get_field" time="0.225" /><testcase classname="fts3rest.tests.functional.test_job_listing.TestJobListing" name="test_get_files" time="0.300" /><testcase classname="fts3rest.tests.functional.test_job_listing.TestJobListing" name="test_get_files_in_job" time="0.233" /><testcase classname="fts3rest.tests.functional.test_job_listing.TestJobListing" name="test_get_job_forbidden" time="0.250" /><testcase classname="fts3rest.tests.functional.test_job_listing.TestJobListing" name="test_get_missing_field" time="0.375" /><testcase classname="fts3rest.tests.functional.test_job_listing.TestJobListing" name="test_get_multiple_jobs" time="0.742" /><testcase classname="fts3rest.tests.functional.test_job_listing.TestJobListing" name="test_get_multiple_jobs_one_missing" time="0.706" /><testcase classname="fts3rest.tests.functional.test_job_listing.TestJobListing" name="test_get_no_vo" time="0.259" /><testcase classname="fts3rest.tests.functional.test_job_listing.TestJobListing" name="test_get_retries" time="0.341" /><testcase classname="fts3rest.tests.functional.test_job_listing.TestJobListing" name="test_list_bad_dlg_id" time="0.182" /><testcase classname="fts3rest.tests.functional.test_job_listing.TestJobListing" name="test_list_bad_dn" time="0.134" /><testcase classname="fts3rest.tests.functional.test_job_listing.TestJobListing" name="test_list_job_default" time="0.241" /><testcase classname="fts3rest.tests.functional.test_job_listing.TestJobListing" name="test_list_no_vo" time="0.644" /><testcase classname="fts3rest.tests.functional.test_job_listing.TestJobListing" name="test_list_with_dest_se" time="0.413" /><testcase classname="fts3rest.tests.functional.test_job_listing.TestJobListing" name="test_list_with_dlg_id" time="0.217" /><testcase classname="fts3rest.tests.functional.test_job_listing.TestJobListing" name="test_list_with_dn" time="0.216" /><testcase classname="fts3rest.tests.functional.test_job_listing.TestJobListing" name="test_list_with_source_se" time="0.241" /><testcase classname="fts3rest.tests.functional.test_job_listing.TestJobListing" name="test_list_with_state_empty" time="0.275" /><testcase classname="fts3rest.tests.functional.test_job_listing.TestJobListing" name="test_list_with_state_match" time="0.241" /><testcase classname="fts3rest.tests.functional.test_job_listing.TestJobListing" name="test_list_with_state_no_dlg_id" time="0.133" /><testcase classname="fts3rest.tests.functional.test_job_listing.TestJobListing" name="test_list_with_vo" time="0.242" /><testcase classname="fts3rest.tests.functional.test_job_listing.TestJobListing" name="test_missing_job" time="0.092" /><testcase classname="fts3rest.tests.functional.test_job_listing.TestJobListing" name="test_no_retries" time="0.349" /><testcase classname="fts3rest.tests.functional.test_job_listing.TestJobListing" name="test_show_job" time="0.275" /><testcase classname="fts3rest.tests.functional.test_job_submission.TestJobSubmission" name="test_checksum_no_verify" time="1.041" /><testcase classname="fts3rest.tests.functional.test_job_submission.TestJobSubmission" name="test_files_balanced" time="0.000"><skipped type="nose.plugins.skip.SkipTest" message="Disabled as it is not very reliable"><![CDATA[Traceback (most recent call last):
  File "/usr/lib64/python2.6/unittest.py", line 278, in run
    testMethod()
  File "/afs/cern.ch/user/a/aalvarez/Source/fts-rest/src/fts3rest/fts3rest/tests/functional/test_job_submission.py", line 710, in test_files_balanced
    raise SkipTest('Disabled as it is not very reliable')
SkipTest: Disabled as it is not very reliable
]]></skipped></testcase><testcase classname="fts3rest.tests.functional.test_job_submission.TestJobSubmission" name="test_no_vo" time="0.375" /><testcase classname="fts3rest.tests.functional.test_job_submission.TestJobSubmission" name="test_no_vo_proxy" time="0.342" /><testcase classname="fts3rest.tests.functional.test_job_submission.TestJobSubmission" name="test_null_checksum" time="0.225" /><testcase classname="fts3rest.tests.functional.test_job_submission.TestJobSubmission" name="test_null_user_filesize" time="0.357" /><testcase classname="fts3rest.tests.functional.test_job_submission.TestJobSubmission" name="test_optimizer_respected" time="1.184" /><testcase classname="fts3rest.tests.functional.test_job_submission.TestJobSubmission" name="test_retry" time="0.216" /><testcase classname="fts3rest.tests.functional.test_job_submission.TestJobSubmission" name="test_submit" time="0.233" /><testcase classname="fts3rest.tests.functional.test_job_submission.TestJobSubmission" name="test_submit_Y" time="0.224" /><testcase classname="fts3rest.tests.functional.test_job_submission.TestJobSubmission" name="test_submit_different_protocols" time="0.233" /><testcase classname="fts3rest.tests.functional.test_job_submission.TestJobSubmission" name="test_submit_only_query" time="0.225" /><testcase classname="fts3rest.tests.functional.test_job_submission.TestJobSubmission" name="test_submit_post" time="0.241" /><testcase classname="fts3rest.tests.functional.test_job_submission.TestJobSubmission" name="test_submit_protocol_params" time="0.224" /><testcase classname="fts3rest.tests.functional.test_job_submission.TestJobSubmission" name="test_submit_reuse" time="0.283" /><testcase classname="fts3rest.tests.functional.test_job_submission.TestJobSubmission" name="test_submit_with_cloud_cred" time="0.225" /><testcase classname="fts3rest.tests.functional.test_job_submission.TestJobSubmission" name="test_submit_with_port" time="0.250" /><testcase classname="fts3rest.tests.functional.test_job_submission.TestJobSubmission" name="test_submit_with_priority" time="0.300" /><testcase classname="fts3rest.tests.functional.test_job_submission.TestJobSubmission" name="test_surl_with_spaces" time="0.241" /><testcase classname="fts3rest.tests.functional.test_job_submission.TestJobSubmission" name="test_with_activity" time="0.242" /><testcase classname="fts3rest.tests.functional.test_multiple.TestMultiple" name="test_multihop" time="0.282" /><testcase classname="fts3rest.tests.functional.test_multiple.TestMultiple" name="test_multihop_lfc" time="0.250" /><testcase classname="fts3rest.tests.functional.test_multiple.TestMultiple" name="test_submit_alternatives_with_reuse" time="0.150" /><testcase classname="fts3rest.tests.functional.test_multiple.TestMultiple" name="test_submit_combination" time="0.474" /><testcase classname="fts3rest.tests.functional.test_multiple.TestMultiple" name="test_submit_multiple_transfers" time="0.224" /><testcase classname="fts3rest.tests.functional.test_multiple.TestMultiple" name="test_submit_reuse" time="0.283" /><testcase classname="fts3rest.tests.functional.test_multiple.TestMultiple" name="test_submit_with_alternatives" time="0.266" /><testcase classname="fts3rest.tests.functional.test_oauth2.TestOAuth2" name="test_delete" time="0.323" /><testcase classname="fts3rest.tests.functional.test_oauth2.TestOAuth2" name="test_delete_app_forbidden" time="0.225" /><testcase classname="fts3rest.tests.functional.test_oauth2.TestOAuth2" name="test_expired" time="0.579" /><testcase classname="fts3rest.tests.functional.test_oauth2.TestOAuth2" name="test_get_app" time="0.195" /><testcase classname="fts3rest.tests.functional.test_oauth2.TestOAuth2" name="test_get_app_forbidden" time="0.204" /><testcase classname="fts3rest.tests.functional.test_oauth2.TestOAuth2" name="test_get_code" time="1.266" /><testcase classname="fts3rest.tests.functional.test_oauth2.TestOAuth2" name="test_get_code_invalid_scope" time="0.247" /><testcase classname="fts3rest.tests.functional.test_oauth2.TestOAuth2" name="test_get_my_apps" time="0.233" /><testcase classname="fts3rest.tests.functional.test_oauth2.TestOAuth2" name="test_get_token" time="0.497" /><testcase classname="fts3rest.tests.functional.test_oauth2.TestOAuth2" name="test_get_token_invalid_scope" time="0.367" /><testcase classname="fts3rest.tests.functional.test_oauth2.TestOAuth2" name="test_no_direct_grant_post" time="0.224" /><testcase classname="fts3rest.tests.functional.test_oauth2.TestOAuth2" name="test_oauth2_with_bearer" time="0.518" /><testcase classname="fts3rest.tests.functional.test_oauth2.TestOAuth2" name="test_refresh_token" time="1.586" /><testcase classname="fts3rest.tests.functional.test_oauth2.TestOAuth2" name="test_register" time="0.268" /><testcase classname="fts3rest.tests.functional.test_oauth2.TestOAuth2" name="test_revoke" time="0.527" /><testcase classname="fts3rest.tests.functional.test_oauth2.TestOAuth2" name="test_rogue_app" time="0.568" /><testcase classname="fts3rest.tests.functional.test_oauth2.TestOAuth2" name="test_whoami_bearer" time="0.592" /><testcase classname="fts3rest.tests.functional.test_oauth2.TestOAuth2" name="test_with_config_scope" time="0.580" /><testcase classname="fts3rest.tests.functional.test_oauth2.TestOAuth2" name="test_with_config_scope_auth" time="0.487" /><testcase classname="fts3rest.tests.functional.test_oauth2.TestOAuth2" name="test_with_config_scope_no_authorized" time="0.608" /><testcase classname="fts3rest.tests.functional.test_oauth2.TestOAuth2" name="test_with_no_config_scope" time="0.463" /><testcase classname="fts3rest.tests.functional.test_options.TestOptions" name="test_entry_point" time="0.499" /><testcase classname="fts3rest.tests.functional.test_options.TestOptions" name="test_options_404" time="0.216" /><testcase classname="fts3rest.tests.functional.test_options.TestOptions" name="test_options_ban" time="0.250" /><testcase classname="fts3rest.tests.functional.test_options.TestOptions" name="test_options_delegation" time="0.524" /><testcase classname="fts3rest.tests.functional.test_options.TestOptions" name="test_options_dm" time="0.583" /><testcase classname="fts3rest.tests.functional.test_options.TestOptions" name="test_options_jobs" time="0.391" /><testcase classname="fts3rest.tests.functional.test_options.TestOptions" name="test_options_optimizer" time="0.308" /><testcase classname="fts3rest.tests.functional.test_options.TestOptions" name="test_options_snapshot" time="0.166" /><testcase classname="fts3rest.tests.functional.test_options.TestOptions" name="test_options_whoami" time="0.233" /><testcase classname="fts3rest.tests.functional.test_snapshot.TestSnapshot" name="test_query_all" time="0.940" /><testcase classname="fts3rest.tests.functional.test_snapshot.TestSnapshot" name="test_query_destination" time="0.833" /><testcase classname="fts3rest.tests.functional.test_snapshot.TestSnapshot" name="test_query_pair" time="0.691" /><testcase classname="fts3rest.tests.functional.test_snapshot.TestSnapshot" name="test_query_source" time="0.683" /><testcase classname="fts3rest.tests.functional.test_snapshot.TestSnapshot" name="test_query_triplet" time="0.808" /><testcase classname="fts3rest.tests.functional.test_snapshot.TestSnapshot" name="test_query_vo" time="1.120" /><testcase classname="fts3rest.tests.functional.test_staging.TestSubmitToStaging" name="test_multiple_bringonline" time="0.436" /><testcase classname="fts3rest.tests.functional.test_staging.TestSubmitToStaging" name="test_staging_no_srm" time="0.183" /><testcase classname="fts3rest.tests.functional.test_staging.TestSubmitToStaging" name="test_submit_to_staging" time="0.216" /><testcase classname="fts3rest.tests.functional.test_staging.TestSubmitToStaging" name="test_submit_to_staging_no_bring_online" time="0.208" /><testcase classname="fts3rest.tests.functional.test_staging.TestSubmitToStaging" name="test_submit_to_staging_no_lifetime" time="0.208" /><testcase classname="fts3rest.tests.unit.test_authorization.TestAuthorization" name="test_authorize_config_via_db" time="0.063" /><testcase classname="fts3rest.tests.unit.test_authorization.TestAuthorization" name="test_authorize_decorator" time="0.003" /><testcase classname="fts3rest.tests.unit.test_authorization.TestAuthorization" name="test_authorized_all" time="0.001" /><testcase classname="fts3rest.tests.unit.test_authorization.TestAuthorization" name="test_authorized_base" time="0.003" /><testcase classname="fts3rest.tests.unit.test_authorization.TestAuthorization" name="test_authorized_vo" time="0.001" /><testcase classname="fts3rest.tests.unit.test_credentials.TestUserCredentials" name="test_basic_ssl" time="0.000" /><testcase classname="fts3rest.tests.unit.test_credentials.TestUserCredentials" name="test_default_roles" time="0.000" /><testcase classname="fts3rest.tests.unit.test_credentials.TestUserCredentials" name="test_gridsite" time="0.000" /><testcase classname="fts3rest.tests.unit.test_credentials.TestUserCredentials" name="test_roles" time="0.000" /><testcase classname="fts3rest.tests.unit.test_json_schema.TestJsonSchema" name="test_bad_reuse" time="0.025" /><testcase classname="fts3rest.tests.unit.test_json_schema.TestJsonSchema" name="test_files_not_array" time="0.023" /><testcase classname="fts3rest.tests.unit.test_json_schema.TestJsonSchema" name="test_missing_params" time="0.024" /><testcase classname="fts3rest.tests.unit.test_json_schema.TestJsonSchema" name="test_source_not_array" time="0.024" /><testcase classname="fts3rest.tests.unit.test_json_schema.TestJsonSchema" name="test_validation" time="0.024" /></testsuite>